C51 COMPILER V9.60.7.0   MAIN                                                              02/20/2025 14:40:16 PAGE 1   


C51 COMPILER V9.60.7.0, COMPILATION OF MODULE MAIN
OBJECT MODULE PLACED IN .\Output\main.obj
COMPILER INVOKED BY: C:\Users\Admin\AppData\Local\Keil_v5\C51\BIN\C51.EXE ..\main.c LARGE OMF2 OPTIMIZE(7,SPEED) BROWSE 
                    -INCDIR(..\..\..\..\Library\Device\Include;..\..\..\..\Library\StdDriver\inc) DEBUG PRINT(.\lst\main.lst) TABS(2) OBJECT(
                    -.\Output\main.obj)

line level    source

   1          /*--------------------------------------------------------------------------------------------------------
             --*/
   2          /*                                                                                                        
             - */
   3          /* SPDX-License-Identifier: Apache-2.0                                                                    
             - */
   4          /* Copyright(c) 2020 Nuvoton Technology Corp. All rights reserved.                                        
             - */
   5          /*                                                                                                        
             - */
   6          /*--------------------------------------------------------------------------------------------------------
             --*/
   7          #include "ms51_32k.h"
   8          
   9          
  10          /**
  11           * @brief       Main loop
  12           * @param       None
  13           * @return      None
  14           * @details     UART4 printf send data.
  15           */
  16           void main(void)
  17          {
  18   1      
  19   1      /* UART0 initial setting
  20   1        * include sys.c in Library for modify HIRC value to 24MHz
  21   1        * include uart.c in Library for UART initial setting
  22   1      */
  23   1          MODIFY_HIRC(HIRC_24); 
  24   1          P06_PUSHPULL_MODE;
  25   1          P07_INPUT_MODE;
  26   1          UART_Open(24000000,UART0_Timer3,115200);
  27   1      
  28   1          ENABLE_UART0_INTERRUPT;                                   /* Enable UART0 interrupt */
  29   1          ENABLE_GLOBAL_INTERRUPT;                                  /* Global interrupt enable */
  30   1        
  31   1      /* while receive data from RXD, send this data to TXD */
  32   1        while(1)
  33   1        {
  34   2          if (uart0_receive_flag)
  35   2          {
  36   3            uart0_receive_flag = 0;
  37   3            DISABLE_UART0_INTERRUPT;
  38   3            UART_Send_Data(UART0,uart0_receive_data);
  39   3            ENABLE_UART0_INTERRUPT;
  40   3          }
  41   2        }
  42   1      }


MODULE INFORMATION:   STATIC OVERLAYABLE
   CODE SIZE        =     75    ----
   CONSTANT SIZE    =   ----    ----
C51 COMPILER V9.60.7.0   MAIN                                                              02/20/2025 14:40:16 PAGE 2   

   XDATA SIZE       =   ----    ----
   PDATA SIZE       =   ----    ----
   DATA SIZE        =   ----    ----
   IDATA SIZE       =   ----    ----
   BIT SIZE         =   ----    ----
   EDATA SIZE       =   ----    ----
   HDATA SIZE       =   ----    ----
   XDATA CONST SIZE =   ----    ----
   FAR CONST SIZE   =   ----    ----
END OF MODULE INFORMATION.


C51 COMPILATION COMPLETE.  0 WARNING(S),  0 ERROR(S)
