C51 COMPILER V9.60.7.0   MAIN                                                              02/28/2025 15:29:37 PAGE 1   


C51 COMPILER V9.60.7.0, COMPILATION OF MODULE MAIN
OBJECT MODULE PLACED IN .\Output\main.obj
COMPILER INVOKED BY: C:\Users\Admin\AppData\Local\Keil_v5\C51\BIN\C51.EXE ..\main.c LARGE OMF2 OPTIMIZE(0,SPEED) BROWSE 
                    -INCDIR(..\..\..\..\Library\Device\Include;..\..\..\..\Library\StdDriver\inc) DEBUG PRINT(.\lst\main.lst) TABS(2) OBJECT(
                    -.\Output\main.obj)

line level    source

   1          /*--------------------------------------------------------------------------------------------------------
             --*/
   2          /*                                                                                                        
             - */
   3          /* SPDX-License-Identifier: Apache-2.0                                                                    
             - */
   4          /* Copyright(c) 2020 Nuvoton Technology Corp. All rights reserved.                                        
             - */
   5          /*                                                                                                        
             - */
   6          /*--------------------------------------------------------------------------------------------------------
             --*/
   7          
   8          
   9          /*********************************************************************************************************
             -***/
  10          
  11          /*********************************************************************************************************
             -***/
  12          /*  File Function: MS51 Timer 1 mode 0 with interrupt demo                                                
             -  */
  13          /*********************************************************************************************************
             -***/
  14          #include "ms51_32k.h"
  15          
  16          /* if define TIMER0_FSYS_DIV12, timer = (0x1FFF-0x1000)*12/24MHz = 4.08ms */
  17          /* if define TIMER0_FSYS, timer = (0x1FFF-0x0010)/24MHz = 340us */
  18          #define TH0_INIT        0x00 
  19          #define TL0_INIT        0x10
  20          
  21          /*********************************************************************************************************
             -***
  22          *    TIMER 0 interrupt subroutine
  23          **********************************************************************************************************
             -**/
  24          void Timer0_ISR (void) interrupt 1           /*interrupt address is 0x000B */
  25          {
  26   1          PUSH_SFRS;
  27   1      
  28   1          TH0 = TH0_INIT;
  29   1          TL0 = TL0_INIT;
  30   1          TF0 = 0 ;
  31   1          P35 = ~P35;                              /* GPIO toggle when interrupt  */
  32   1        
  33   1          POP_SFRS;
  34   1      }
  35          
  36          /*********************************************************************************************************
             -***
  37          *    Main function 
  38          **********************************************************************************************************
             -**/
  39          void main (void)
C51 COMPILER V9.60.7.0   MAIN                                                              02/28/2025 15:29:37 PAGE 2   

  40          {
  41   1      
  42   1          P35_PUSHPULL_MODE;
  43   1      
  44   1          ENABLE_TIMER1_MODE0;                           /* Timer 0 mode configuration */
  45   1          TIMER0_FSYS_DIV12;
  46   1      
  47   1          TH0 = TH0_INIT;
  48   1          TL0 = TL0_INIT;
  49   1            
  50   1          ENABLE_TIMER0_INTERRUPT;                       /* enable Timer0 interrupt  */ 
  51   1          ENABLE_GLOBAL_INTERRUPT;                       /* enable interrupts */
  52   1      
  53   1          set_TCON_TR0;                                  /* Timer0 run */
  54   1      
  55   1          while(1);
  56   1      
  57   1      }


MODULE INFORMATION:   STATIC OVERLAYABLE
   CODE SIZE        =     56    ----
   CONSTANT SIZE    =   ----    ----
   XDATA SIZE       =   ----    ----
   PDATA SIZE       =   ----    ----
   DATA SIZE        =   ----    ----
   IDATA SIZE       =   ----    ----
   BIT SIZE         =   ----    ----
   EDATA SIZE       =   ----    ----
   HDATA SIZE       =   ----    ----
   XDATA CONST SIZE =   ----    ----
   FAR CONST SIZE   =   ----    ----
END OF MODULE INFORMATION.


C51 COMPILATION COMPLETE.  0 WARNING(S),  0 ERROR(S)
