C51 COMPILER V9.60.7.0   MAIN                                                              02/20/2025 14:34:47 PAGE 1   


C51 COMPILER V9.60.7.0, COMPILATION OF MODULE MAIN
OBJECT MODULE PLACED IN .\Output\main.obj
COMPILER INVOKED BY: C:\Users\Admin\AppData\Local\Keil_v5\C51\BIN\C51.EXE ..\main.c LARGE OMF2 OPTIMIZE(7,SPEED) BROWSE 
                    -INCDIR(..\..\..\..\Library\Device\Include;..\..\..\..\Library\StdDriver\inc) DEBUG PRINT(.\lst\main.lst) TABS(2) OBJECT(
                    -.\Output\main.obj)

line level    source

   1          /*--------------------------------------------------------------------------------------------------------
             --*/
   2          /*                                                                                                        
             - */
   3          /* SPDX-License-Identifier: Apache-2.0                                                                    
             - */
   4          /* Copyright(c) 2020 Nuvoton Technology Corp. All rights reserved.                                        
             - */
   5          /*                                                                                                        
             - */
   6          /*--------------------------------------------------------------------------------------------------------
             --*/
   7          
   8          
   9          /*********************************************************************************************************
             -***/
  10          /*  File Function: MS51 UART1 with interrupt demo                                                         
             -  */
  11          /*********************************************************************************************************
             -***/
  12          #include "ms51_32k.h"
  13          
  14          /*********************************************************************************************************
             -*******
  15           * FUNCTION_PURPOSE: Main function 
  16           !!! MS51_8K UART1 pin also occupied by debug pin, 
  17           please remove Nu-link or not in debug mode to test UART1 function.
  18           External UART1 connect also disturb debug download
  19           *********************************************************************************************************
             -******/
  20          
  21          #define   UART1_P36_P37      /* This define UART1 pin assign*/
  22          
  23          void main (void)
  24          {
  25   1        /* Modify HIRC to 24MHz for UART baud rate deviation not over 1%*/
  26   1          MODIFY_HIRC(HIRC_24);
  27   1      
  28   1        /* UART1 initial */
  29   1      #ifdef   UART1_P16_P02            /*  if define UART1_P16_P02 initial GPIO and MFP */
                  P16_QUASI_MODE;
                  P02_INPUT_MODE;
                  ENABLE_UART1_TXD_P16;
                  ENABLE_UART1_RXD_P02;
              #elif defined  UART1_P36_P37      /*  if define UART1_P36_P37 initial GPIO and MFP */
  35   1          P36_QUASI_MODE;
  36   1          P37_INPUT_MODE;
  37   1          ENABLE_UART1_TXD_P36;
  38   1          ENABLE_UART1_RXD_P37;
  39   1      #elif defined  UART1_P10_P00      /*  if define UART1_P10_P00 initial GPIO and MFP */
                  P01_QUASI_MODE;
                  P00_INPUT_MODE;
                  ENABLE_UART1_TXD_P10;
C51 COMPILER V9.60.7.0   MAIN                                                              02/20/2025 14:34:47 PAGE 2   

                  ENABLE_UART1_RXD_P00;
              #endif
  45   1          UART_Open(24000000,UART1_Timer3,115200);
  46   1          ENABLE_UART1_INTERRUPT;                 //For interrupt enable , interrupt subroutine is in uart.c fil
             -e
  47   1          ENABLE_GLOBAL_INTERRUPT;                //Enable global interrupt
  48   1      
  49   1          /* Wait UART receive data and send to TXD */
  50   1          while(1)
  51   1          {
  52   2            if (uart1_receive_flag)
  53   2            {   
  54   3                uart1_receive_flag = 0;
  55   3                UART_Send_Data(UART1,uart1_receive_data);
  56   3      
  57   3            }
  58   2          }
  59   1      }
  60            


MODULE INFORMATION:   STATIC OVERLAYABLE
   CODE SIZE        =     97    ----
   CONSTANT SIZE    =   ----    ----
   XDATA SIZE       =   ----    ----
   PDATA SIZE       =   ----    ----
   DATA SIZE        =   ----    ----
   IDATA SIZE       =   ----    ----
   BIT SIZE         =   ----    ----
   EDATA SIZE       =   ----    ----
   HDATA SIZE       =   ----    ----
   XDATA CONST SIZE =   ----    ----
   FAR CONST SIZE   =   ----    ----
END OF MODULE INFORMATION.


C51 COMPILATION COMPLETE.  0 WARNING(S),  0 ERROR(S)
