C51 COMPILER V9.60.7.0   PUTCHAR                                                           02/05/2025 14:21:14 PAGE 1   


C51 COMPILER V9.60.7.0, COMPILATION OF MODULE PUTCHAR
OBJECT MODULE PLACED IN .\Output\putchar.obj
COMPILER INVOKED BY: C:\Users\Admin\AppData\Local\Keil_v5\C51\BIN\C51.EXE ..\putchar.c LARGE OMF2 OPTIMIZE(7,SPEED) BROW
                    -SE INCDIR(..\..\..\..\Library\Device\Include;..\..\..\..\Library\StdDriver\inc) DEBUG PRINT(.\lst\putchar.lst) TABS(2) O
                    -BJECT(.\Output\putchar.obj)

line level    source

   1          /***********************************************************************/
   2          /*  This file is part of the C51 Compiler package                      */
   3          /*  Copyright KEIL ELEKTRONIK GmbH 1990 - 2002                         */
   4          /***********************************************************************/
   5          /*                                                                     */
   6          /*  PUTCHAR.C:  This routine is the general character output of C51.   */
   7          /*  You may add this file to a uVision2 project.                       */
   8          /*                                                                     */
   9          /*  To translate this file use C51 with the following invocation:      */
  10          /*     C51 PUTCHAR.C <memory model>                                    */
  11          /*                                                                     */
  12          /*  To link the modified PUTCHAR.OBJ file to your application use the  */
  13          /*  following Lx51 invocation:                                         */
  14          /*     Lx51 <your object file list>, PUTCHAR.OBJ <controls>            */
  15          /*                                                                     */
  16          /***********************************************************************/
  17          
  18          //#include <reg51.h>
  19          #include "ms51_32k.h"
  20          
  21          /****************************************************************************/
  22          /* Define putchar send from UART1, printf function will send from P1.6(TXD_1)
  23          /* NOTICE: Since UART1 pin is multi-function with OCD DATA/CLK pin.
  24          /* Suggest download than use run with realchip but not OCD mode.
  25          /****************************************************************************/
  26          
  27          /*
  28           * putchar (mini version): outputs charcter only
  29           */
  30           #if 1
  31          char putchar (char c)  {
  32   1          while (!TI);
  33   1          TI = 0;
  34   1          return (SBUF = c);
  35   1      }
  36          #endif
  37          #if 0
              char putchar (char c)
              {
                  while (!TI_1);  /* wait until transmitter ready */
                  TI_1 = 0;
                  SBUF_1 = c;      /* output character */
                  return (c);
              }
              #endif
  46          #if 0
              char putchar (char c)  {
                  UART2_Send_Data(c);
                  return (c);
              }
              #endif
  52          #if 0
              char putchar (char c)  {
C51 COMPILER V9.60.7.0   PUTCHAR                                                           02/05/2025 14:21:14 PAGE 2   

                  UART3_Send_Data(c);
                  return (c);
              }
              #endif
  58          #if 0
              char putchar (char c)  {
                  UART4_Send_Data(c);
                  return (c);
              }
              #endif


MODULE INFORMATION:   STATIC OVERLAYABLE
   CODE SIZE        =      8    ----
   CONSTANT SIZE    =   ----    ----
   XDATA SIZE       =   ----    ----
   PDATA SIZE       =   ----    ----
   DATA SIZE        =   ----    ----
   IDATA SIZE       =   ----    ----
   BIT SIZE         =   ----    ----
   EDATA SIZE       =   ----    ----
   HDATA SIZE       =   ----    ----
   XDATA CONST SIZE =   ----    ----
   FAR CONST SIZE   =   ----    ----
END OF MODULE INFORMATION.


C51 COMPILATION COMPLETE.  0 WARNING(S),  0 ERROR(S)
