C51 COMPILER V9.60.7.0   UART                                                              02/05/2025 14:21:14 PAGE 1   


C51 COMPILER V9.60.7.0, COMPILATION OF MODULE UART
OBJECT MODULE PLACED IN .\Output\uart.obj
COMPILER INVOKED BY: C:\Users\Admin\AppData\Local\Keil_v5\C51\BIN\C51.EXE ..\..\..\..\Library\StdDriver\src\uart.c LARGE
                    - OMF2 OPTIMIZE(7,SPEED) BROWSE INCDIR(..\..\..\..\Library\Device\Include;..\..\..\..\Library\StdDriver\inc) DEBUG PRINT(
                    -.\lst\uart.lst) TABS(2) OBJECT(.\Output\uart.obj)

line level    source

   1          /*--------------------------------------------------------------------------------------------------------
             --*/
   2          /*                                                                                                        
             - */
   3          /* SPDX-License-Identifier: Apache-2.0                                                                    
             - */
   4          /* Copyright(c) 2020 Nuvoton Technology Corp. All rights reserved.                                        
             - */
   5          /*                                                                                                        
             - */
   6          /*--------------------------------------------------------------------------------------------------------
             --*/
   7          
   8          #include "ms51_32k.h"
   9          
  10          bit PRINTFG = 0, uart0_receive_flag = 0, uart1_receive_flag;
  11          unsigned char uart0_receive_data, uart1_receive_data;
  12          
  13          
  14          void Serial_ISR(void) interrupt 4
  15          {
  16   1          PUSH_SFRS;
  17   1          if (RI)
  18   1          {
  19   2              uart0_receive_flag = 1;
  20   2              uart0_receive_data = SBUF;
  21   2              clr_SCON_RI;                                         // Clear RI (Receive Interrupt).
  22   2          }
  23   1      
  24   1          if (TI)
  25   1          {
  26   2      //        if (!PRINTFG)
  27   2      //        {
  28   2      //            TI = 0;
  29   2      //        }
  30   2          }
  31   1          POP_SFRS;
  32   1      }  
  33          
  34          
  35          
  36          void SerialPort1_ISR(void) interrupt 15
  37          {
  38   1          PUSH_SFRS;
  39   1      
  40   1          if (RI_1 == 1)
  41   1          {
  42   2              clr_SCON_1_RI_1;                             /* clear reception flag for next reception */
  43   2              uart1_receive_data = SBUF_1;
  44   2              uart1_receive_flag = 1;
  45   2          }
  46   1      
  47   1          if (TI_1 == 1)
C51 COMPILER V9.60.7.0   UART                                                              02/05/2025 14:21:14 PAGE 2   

  48   1          {
  49   2              if (!PRINTFG)
  50   2              {
  51   3                  clr_SCON_1_TI_1;                             /* if emission occur */
  52   3              }
  53   2          }
  54   1          POP_SFRS;
  55   1      }  
  56          
  57          /*MS51 new version buadrate */
  58          void UART_Open(unsigned long u32SysClock, unsigned char u8UARTPort, unsigned long u32Baudrate)
  59          {
  60   1           SFRS = 0;
  61   1           switch (u8UARTPort)
  62   1          {
  63   2              case UART0_Timer1:
  64   2                  SCON = 0x50;            //UART0 Mode1,REN=1,TI=1
  65   2                  TMOD |= 0x20;           //Timer1 Mode1
  66   2                  set_PCON_SMOD;          //UART0 Double Rate Enable
  67   2                  set_CKCON_T1M;
  68   2                  clr_T3CON_BRCK;          //Serial port 0 baud rate clock source = Timer1
  69   2                  TH1 = 256 - (u32SysClock / 16 / u32Baudrate);
  70   2                  set_TCON_TR1;
  71   2                  set_IE_ES;
  72   2                  break;
  73   2      
  74   2              case UART0_Timer3:
  75   2                  SCON = 0x50;          //UART0 Mode1,REN=1,TI=1
  76   2                  set_PCON_SMOD;        //UART0 Double Rate Enable
  77   2                  T3CON &= 0xF8;        //T3PS2=0,T3PS1=0,T3PS0=0(Prescale=1)
  78   2                  set_T3CON_BRCK;        //UART0 baud rate clock source = Timer3
  79   2                  RH3    = HIBYTE(65536 - (u32SysClock / 16 / u32Baudrate));
  80   2                  RL3    = LOBYTE(65536 - (u32SysClock / 16 / u32Baudrate));
  81   2                  set_T3CON_TR3;         //Trigger Timer3
  82   2                  set_IE_ES;
  83   2                  break;
  84   2      
  85   2              case UART1_Timer3:
  86   2                  SCON_1 = 0x50;          //UART1 Mode1,REN_1=1,TI_1=1
  87   2                  T3CON = 0x80;           //T3PS2=0,T3PS1=0,T3PS0=0(Prescale=1), UART1 in MODE 1
  88   2                  RH3    = HIBYTE(65536 - (u32SysClock/16/u32Baudrate));  
  89   2                  RL3    = LOBYTE(65536 - (u32SysClock/16/u32Baudrate));     
  90   2                  set_T3CON_TR3;             //Trigger Timer3
  91   2                  set_EIE1_ES_1;
  92   2                  break;
  93   2          }
  94   1       }
  95          
  96          unsigned char Receive_Data(unsigned char UARTPort)
  97          {
  98   1          UINT8 c;
  99   1          SFRS = 0;
 100   1          switch (UARTPort)
 101   1          {
 102   2              case UART0:
 103   2                  while (!RI);
 104   2                  c = SBUF;
 105   2                  RI = 0;
 106   2                  break;
 107   2      
 108   2              case UART1:
 109   2                  while (!RI_1);
C51 COMPILER V9.60.7.0   UART                                                              02/05/2025 14:21:14 PAGE 3   

 110   2                  c = SBUF_1;
 111   2                  RI_1 = 0;
 112   2                  break;
 113   2          }
 114   1      
 115   1          return (c);
 116   1      }
 117          
 118          void UART_Send_Data(unsigned char UARTPort, unsigned char c)
 119          {
 120   1          PUSH_SFRS;
 121   1          SFRS = 0;
 122   1          switch (UARTPort)
 123   1          {
 124   2              case UART0:
 125   2                TI=0;
 126   2                SBUF = c;
 127   2                while(!TI);
 128   2              break;
 129   2              case UART1:
 130   2                TI_1=0;
 131   2                SBUF_1 = c;
 132   2                while(TI_1);
 133   2              break;
 134   2          }
 135   1          POP_SFRS;
 136   1      }
 137          
 138          
 139          void Enable_UART0_VCOM_printf_24M_115200(void)
 140          {
 141   1          P06_QUASI_MODE;
 142   1          UART_Open(24000000,UART0_Timer1,115200);
 143   1          ENABLE_UART0_PRINTF;
 144   1          DISABLE_UART0_INTERRUPT;
 145   1      }


MODULE INFORMATION:   STATIC OVERLAYABLE
   CODE SIZE        =    560    ----
   CONSTANT SIZE    =   ----    ----
   XDATA SIZE       =      2       9
   PDATA SIZE       =   ----    ----
   DATA SIZE        =   ----    ----
   IDATA SIZE       =   ----    ----
   BIT SIZE         =      3    ----
   EDATA SIZE       =   ----    ----
   HDATA SIZE       =   ----    ----
   XDATA CONST SIZE =   ----    ----
   FAR CONST SIZE   =   ----    ----
END OF MODULE INFORMATION.


C51 COMPILATION COMPLETE.  0 WARNING(S),  0 ERROR(S)
