C51 COMPILER V9.60.7.0   DELAY                                                             02/05/2025 14:15:14 PAGE 1   


C51 COMPILER V9.60.7.0, COMPILATION OF MODULE DELAY
OBJECT MODULE PLACED IN .\Output\delay.obj
COMPILER INVOKED BY: C:\Users\Admin\AppData\Local\Keil_v5\C51\BIN\C51.EXE ..\..\..\..\Library\StdDriver\src\delay.c LARG
                    -E OMF2 OPTIMIZE(7,SPEED) BROWSE INCDIR(..\..\..\..\Library\Device\Include;..\..\..\..\Library\StdDriver\inc) DEBUG PRINT
                    -(.\lst\delay.lst) TABS(2) OBJECT(.\Output\delay.obj)

line level    source

   1          /*--------------------------------------------------------------------------------------------------------
             --*/
   2          /*                                                                                                        
             - */
   3          /* SPDX-License-Identifier: Apache-2.0                                                                    
             - */
   4          /* Copyright(c) 2020 Nuvoton Technology Corp. All rights reserved.                                        
             - */
   5          /*                                                                                                        
             - */
   6          /*--------------------------------------------------------------------------------------------------------
             --*/
   7          
   8          //********************************************************************************************************
             -***
   9          //  Website: http://www.nuvoton.com
  10          //  E-Mail : MicroC-8bit@nuvoton.com
  11          //********************************************************************************************************
             -***
  12          
  13          #include "ms51_32k.h"
  14          
  15          /**
  16            * @brief Timer0 delay setting
  17            * @param[in] u32SYSCLK define Fsys clock value. for example 24000000, use the real Fsys value.
  18            *                       - \ref 24000000 (use HIRC 24MHz)
  19            *                       - \ref 16000000 (use HIRC 16MHz)
  20            * @param[in] u8CNT define count time.
  21            * @param[in] u6DLYUnit define delay time base is us. From 1~10000, the maxima value please not over 1000
             -0.
  22            *                       - \ref 1000 (1ms)
  23            *                       - \ref 100 (100us)
  24            * @return  None
  25            * @note    If use LIRC or LXT as Fsys need adjust this marco.
  26            * @exmaple :  Timer0_Delay(16000000,200,1000);
  27          */
  28          void Timer0_Delay(unsigned long u32SYSCLK, unsigned int u16CNT, unsigned int u16DLYUnit)
  29          {
  30   1            unsigned char TL0TMP, TH0TMP;
  31   1      
  32   1            SFRS = 0;
  33   1            TIMER0_FSYS_DIV12;                                  //T0M=0, Timer0 Clock = Fsys/12
  34   1            ENABLE_TIMER0_MODE1;                                   //Timer0 is 16-bit mode
  35   1            TL0TMP = LOBYTE(65535-((u32SYSCLK/1000000)*u16DLYUnit/12));
  36   1            TH0TMP = HIBYTE(65535-((u32SYSCLK/1000000)*u16DLYUnit/12));
  37   1        
  38   1          while (u16CNT != 0)
  39   1          {
  40   2            TL0=TL0TMP;
  41   2            TH0=TH0TMP;
  42   2            set_TCON_TR0;                                    //Start Timer0
  43   2            while (!TF0);                       //Check Timer0 Time-Out Flag
  44   2            clr_TCON_TF0;
C51 COMPILER V9.60.7.0   DELAY                                                             02/05/2025 14:15:14 PAGE 2   

  45   2            clr_TCON_TR0;                       //Stop Timer0
  46   2            u16CNT --;
  47   2          }
  48   1          
  49   1            TL0  = 0; 
  50   1            TH0 = 0;
  51   1      }
  52          
  53          /**
  54            * @brief Timer1 delay setting
  55            * @param[in] u32SYSCLK define Fsys clock value. for example 24000000, use the real Fsys value.
  56            *                       - \ref 24000000 (use HIRC)
  57            *                       - \ref 22118400 (use HXT)
  58            * @param[in] u8CNT define count time.
  59            * @param[in] u6DLYUnit define delay time base is us. From 1~10000, the maxima value please not over 1000
             -0.
  60            *                       - \ref 1000 (1ms)
  61            *                       - \ref 100 (100us)
  62            * @return  None
  63            * @note    If use LIRC or LXT as Fsys need adjust this marco.
  64            * @exmaple :  Timer1_Delay(16000000,5,1000);
  65          */
  66          void Timer1_Delay(unsigned long u32SYSCLK, unsigned int u16CNT, unsigned int u16DLYUnit)
  67          {
  68   1          unsigned char TL1TMP,TH1TMP;
  69   1          
  70   1          SFRS = 0;
  71   1          TIMER1_FSYS_DIV12;                                 //T1M=0, Timer1 Clock = Fsys/12
  72   1          ENABLE_TIMER1_MODE1;                                //Timer1 is 16-bit mode
  73   1          TL1TMP = LOBYTE(65535-((u32SYSCLK/1000000)*u16DLYUnit)/12);
  74   1          TH1TMP = HIBYTE(65535-((u32SYSCLK/1000000)*u16DLYUnit)/12);
  75   1        
  76   1          while (u16CNT != 0)
  77   1          {
  78   2            TL1 = TL1TMP;
  79   2            TH1 = TH1TMP;
  80   2            set_TCON_TR1;                                //Start Timer1
  81   2            while (!TF1);                                //Check Timer1 Time-Out Flag
  82   2            clr_TCON_TF1;
  83   2            clr_TCON_TR1;
  84   2            u16CNT --;
  85   2          }
  86   1      }
  87          
  88          /**
  89            * @brief Timer2 delay setting
  90            * @param[in] u32SYSCLK define Fsys clock value. for example 24000000, use the real Fsys value.
  91            *                       - \ref 24000000 (use HIRC)
  92            *                       - \ref 22118400 (use HXT for example)
  93            * @param[in] u16TMDIV define timer2 clock devider value from 1\4\16\32\64\128\256\512 detail check datas
             -heet T2MOD.
  94            *                       - \ref 512
  95            * @param[in] u16CNT define total count times.
  96            * @param[in] u6DLYUnit define delay time base is us. From 1~1000000, please consider the value with devi
             -der.
  97            *                       - \ref 1000 (1ms)
  98            *                       - \ref 100 (100us)
  99            * @return  None
 100            * @note    If use LIRC or LXT as Fsys need adjust this marco.
 101            * @exmaple :  Timer2_Delay(16000000,128,5,1000);
 102          */
 103          void Timer2_Delay(unsigned long u32SYSCLK,unsigned int u16TMDIV, unsigned int u16CNT, unsigned long u32DLY
C51 COMPILER V9.60.7.0   DELAY                                                             02/05/2025 14:15:14 PAGE 3   

             -Unit)
 104          {
 105   1          unsigned char TL2TMP,TH2TMP;
 106   1        
 107   1          SFRS = 0;
 108   1          switch (u16TMDIV)
 109   1          {
 110   2            case 1:T2MOD&=0x8F; break;
 111   2            case 4:T2MOD&=0x8F;T2MOD|=0x10; break;
 112   2            case 16:T2MOD&=0x8F;T2MOD|=0x20; break;
 113   2            case 32:T2MOD&=0x8F;T2MOD|=0x30; break;
 114   2            case 64:T2MOD&=0x8F;T2MOD|=0x40; break;
 115   2            case 128:T2MOD&=0x8F;T2MOD|=0x50; break;
 116   2            case 256:T2MOD&=0x8F;T2MOD|=0x60; break;
 117   2            case 512:T2MOD&=0x8F;T2MOD|=0x70; break;
 118   2          }
 119   1          clr_T2CON_CMRL2;                                  //Timer 2 as auto-reload mode
 120   1          set_T2MOD_LDEN;
 121   1          set_T2MOD_CMPCR;                                  //Timer 2 value is auto-cleared as 0000H when a comp
             -are match occurs.
 122   1          TL2TMP = LOBYTE(65536-((u32SYSCLK/1000000)*u32DLYUnit/u16TMDIV));
 123   1          TH2TMP = HIBYTE(65536-((u32SYSCLK/1000000)*u32DLYUnit/u16TMDIV));
 124   1          while (u16CNT != 0)
 125   1          {
 126   2            TL2 = TL2TMP;
 127   2            TH2 = TH2TMP;
 128   2            set_T2CON_TR2;                                    //Start Timer2
 129   2            while (TF2!=1);            //Check Timer2 Time-Out Flag
 130   2            clr_T2CON_TF2;
 131   2            clr_T2CON_TR2;                                    //Stop Timer2
 132   2            u16CNT --;
 133   2          }
 134   1      }
 135          /**
 136            * @brief Timer3 delay setting
 137            * @param[in] u32SYSCLK define Fsys clock value. for example 24000000, use the real Fsys value.
 138            *                       - \ref 24000000 (use HIRC)
 139            *                       - \ref 22118400 (use HXT for example)
 140            * @param[in] u8TMDIV define timer2 clock devider value from 1\2\4\8\16\32\64\128 detail check datasheet 
             -T3MOD.
 141            *                       - \ref 512
 142            * @param[in] u16CNT define total count times.
 143            * @param[in] u32DLYUnit define delay time base is us. From 1~1000000, please consider the value with dev
             -ider.
 144            *                       - \ref 1000 (1ms)
 145            *                       - \ref 100 (100us)
 146            * @return  None
 147            * @note    If use LIRC or LXT as Fsys need adjust this marco.
 148            * @exmaple :  Timer3_Delay(16000000,16,5,1000);
 149          */
 150          void Timer3_Delay(unsigned long u32SYSCLK,unsigned char u8TMDIV, unsigned int u16CNT, unsigned long u32DLY
             -Unit)
 151          {
 152   1          unsigned char TL3TMP,TH3TMP;  
 153   1        
 154   1          SFRS = 0;
 155   1          switch (u8TMDIV)
 156   1          {
 157   2            case 1:T3CON&=0xF8; break;
 158   2            case 2:T3CON&=0xF8;T3CON|=0x01; break;
 159   2            case 4:T3CON&=0xF8;T3CON|=0x02; break;
 160   2            case 8:T3CON&=0xF8;T3CON|=0x03; break;
C51 COMPILER V9.60.7.0   DELAY                                                             02/05/2025 14:15:14 PAGE 4   

 161   2            case 16:T3CON&=0xF8;T3CON|=0x04; break;
 162   2            case 32:T3CON&=0xF8;T3CON|=0x05; break;
 163   2            case 64:T3CON&=0xF8;T3CON|=0x06; break;
 164   2            case 128:T3CON&=0xF8;T3CON|=0x07; break;
 165   2          }
 166   1          TL3TMP = LOBYTE(65536-((u32SYSCLK/1000000)*u32DLYUnit/u8TMDIV));
 167   1          TH3TMP = HIBYTE(65536-((u32SYSCLK/1000000)*u32DLYUnit/u8TMDIV));
 168   1          while (u16CNT != 0)
 169   1          {
 170   2            clr_T3CON_TF3;
 171   2            RL3 = TL3TMP;
 172   2            RH3 = TH3TMP;
 173   2            set_T3CON_TR3;                                    //Trigger Timer3
 174   2            while (!(T3CON&SET_BIT4));    //Check Timer3 Time-Out Flag
 175   2            clr_T3CON_TF3;
 176   2            clr_T3CON_TR3;                                    //Stop Timer3
 177   2            u16CNT --;
 178   2          }
 179   1      }


MODULE INFORMATION:   STATIC OVERLAYABLE
   CODE SIZE        =   1124    ----
   CONSTANT SIZE    =   ----    ----
   XDATA SIZE       =   ----      43
   PDATA SIZE       =   ----    ----
   DATA SIZE        =   ----    ----
   IDATA SIZE       =   ----    ----
   BIT SIZE         =   ----    ----
   EDATA SIZE       =   ----    ----
   HDATA SIZE       =   ----    ----
   XDATA CONST SIZE =   ----    ----
   FAR CONST SIZE   =   ----    ----
END OF MODULE INFORMATION.


C51 COMPILATION COMPLETE.  0 WARNING(S),  0 ERROR(S)
