C51 COMPILER V9.60.7.0   MAIN                                                              02/05/2025 14:15:13 PAGE 1   


C51 COMPILER V9.60.7.0, COMPILATION OF MODULE MAIN
OBJECT MODULE PLACED IN .\Output\main.obj
COMPILER INVOKED BY: C:\Users\Admin\AppData\Local\Keil_v5\C51\BIN\C51.EXE ..\main.c LARGE OMF2 OPTIMIZE(7,SPEED) BROWSE 
                    -INCDIR(..\..\..\..\Library\Device\Include;..\..\..\..\Library\StdDriver\inc) DEBUG PRINT(.\lst\main.lst) TABS(2) OBJECT(
                    -.\Output\main.obj)

line level    source

   1          /*--------------------------------------------------------------------------------------------------------
             --*/
   2          /*                                                                                                        
             - */
   3          /* SPDX-License-Identifier: Apache-2.0                                                                    
             - */
   4          /* Copyright(c) 2020 Nuvoton Technology Corp. All rights reserved.                                        
             - */
   5          /*                                                                                                        
             - */
   6          /*--------------------------------------------------------------------------------------------------------
             --*/
   7          #include "ms51_32k.h"
   8          
   9          
  10          /**
  11           * @brief       Main loop
  12           * @param       None
  13           * @return      None
  14           * @details     UART4 printf send data.
  15           */
  16          void main (void) 
  17          {
  18   1      /* Modify HIRC to 24MHz for UART baud rate deviation not over 1%*/
  19   1          MODIFY_HIRC(HIRC_24);
  20   1          UART_Open(24000000,UART1_Timer3,115200);
  21   1      
  22   1          while(1)
  23   1          {
  24   2            ENABLE_UART1_PRINTF;
  25   2            printf("\n hello world !!!");
  26   2            DISABLE_UART1_PRINTF;
  27   2            Timer0_Delay(24000000,300,1000);
  28   2          }
  29   1        
  30   1      }


MODULE INFORMATION:   STATIC OVERLAYABLE
   CODE SIZE        =     81    ----
   CONSTANT SIZE    =     18    ----
   XDATA SIZE       =   ----    ----
   PDATA SIZE       =   ----    ----
   DATA SIZE        =   ----    ----
   IDATA SIZE       =   ----    ----
   BIT SIZE         =   ----    ----
   EDATA SIZE       =   ----    ----
   HDATA SIZE       =   ----    ----
   XDATA CONST SIZE =   ----    ----
   FAR CONST SIZE   =   ----    ----
END OF MODULE INFORMATION.


C51 COMPILATION COMPLETE.  0 WARNING(S),  0 ERROR(S)
